22:48:46 [DEBUG] (1) victory_archive::plan: Batch Test_0:
                    	- Length: 10,000
                    	- Disk size: 1392 kb
                    	- Time to discover: 23.90ms
                    	- Time to save: 0.76ms
                    	- Path: "./bk_data/"
22:48:46 [DEBUG] (1) victory_archive::plan: Batch Test_1:
                    	- Length: 10,000
                    	- Disk size: 1655 kb
                    	- Time to discover: 21.91ms
                    	- Time to save: 0.83ms
                    	- Path: "./bk_data/"
22:48:46 [DEBUG] (1) victory_archive::plan: Batch Test_2:
                    	- Length: 10,000
                    	- Disk size: 1896 kb
                    	- Time to discover: 22.33ms
                    	- Time to save: 0.82ms
                    	- Path: "./bk_data/"
22:48:46 [DEBUG] (1) victory_archive::plan: Batch Test_3:
                    	- Length: 10,000
                    	- Disk size: 1640 kb
                    	- Time to discover: 19.25ms
                    	- Time to save: 0.82ms
                    	- Path: "./bk_data/"
22:48:46 [DEBUG] (1) victory_archive::plan: Batch Test_4:
                    	- Length: 10,000
                    	- Disk size: 1649 kb
                    	- Time to discover: 22.52ms
                    	- Time to save: 0.74ms
                    	- Path: "./bk_data/"
22:48:46 [DEBUG] (1) victory_archive::plan: Batch Test_5:
                    	- Length: 10,000
                    	- Disk size: 1965 kb
                    	- Time to discover: 16.78ms
                    	- Time to save: 0.98ms
                    	- Path: "./bk_data/"
22:48:47 [DEBUG] (1) victory_archive::plan: Batch Test_6:
                    	- Length: 10,000
                    	- Disk size: 1757 kb
                    	- Time to discover: 26.86ms
                    	- Time to save: 0.83ms
                    	- Path: "./bk_data/"
22:48:47 [DEBUG] (1) victory_archive::plan: Batch Test_7:
                    	- Length: 10,000
                    	- Disk size: 2042 kb
                    	- Time to discover: 31.60ms
                    	- Time to save: 0.93ms
                    	- Path: "./bk_data/"
22:48:47 [DEBUG] (1) victory_archive::plan: Batch Test_8:
                    	- Length: 10,000
                    	- Disk size: 1908 kb
                    	- Time to discover: 33.44ms
                    	- Time to save: 0.81ms
                    	- Path: "./bk_data/"
22:48:47 [DEBUG] (1) victory_archive::plan: Batch Test_9:
                    	- Length: 10,000
                    	- Disk size: 2015 kb
                    	- Time to discover: 28.30ms
                    	- Time to save: 0.84ms
                    	- Path: "./bk_data/"
22:48:47 [DEBUG] (1) victory_archive::plan: Batch Test_10:
                    	- Length: 10,000
                    	- Disk size: 1931 kb
                    	- Time to discover: 28.16ms
                    	- Time to save: 0.83ms
                    	- Path: "./bk_data/"
22:48:47 [DEBUG] (1) victory_archive::plan: Batch Test_11:
                    	- Length: 10,000
                    	- Disk size: 2004 kb
                    	- Time to discover: 30.39ms
                    	- Time to save: 0.88ms
                    	- Path: "./bk_data/"
22:48:47 [DEBUG] (1) victory_archive::plan: Batch Test_12:
                    	- Length: 10,000
                    	- Disk size: 1959 kb
                    	- Time to discover: 34.54ms
                    	- Time to save: 0.96ms
                    	- Path: "./bk_data/"
22:48:47 [DEBUG] (1) victory_archive::plan: Batch Test_13:
                    	- Length: 10,000
                    	- Disk size: 1791 kb
                    	- Time to discover: 21.75ms
                    	- Time to save: 0.81ms
                    	- Path: "./bk_data/"
22:48:47 [DEBUG] (1) victory_archive::plan: Batch Test_14:
                    	- Length: 10,000
                    	- Disk size: 1886 kb
                    	- Time to discover: 25.70ms
                    	- Time to save: 0.97ms
                    	- Path: "./bk_data/"
22:48:47 [DEBUG] (1) victory_archive::plan: Batch Test_15:
                    	- Length: 10,000
                    	- Disk size: 1797 kb
                    	- Time to discover: 26.57ms
                    	- Time to save: 0.76ms
                    	- Path: "./bk_data/"
22:48:47 [DEBUG] (1) victory_archive::plan: Batch Test_16:
                    	- Length: 10,000
                    	- Disk size: 1709 kb
                    	- Time to discover: 30.03ms
                    	- Time to save: 0.81ms
                    	- Path: "./bk_data/"
22:48:47 [DEBUG] (1) victory_archive::plan: Batch Test_17:
                    	- Length: 10,000
                    	- Disk size: 1752 kb
                    	- Time to discover: 40.63ms
                    	- Time to save: 0.84ms
                    	- Path: "./bk_data/"
22:48:47 [DEBUG] (1) victory_archive::plan: Batch Test_18:
                    	- Length: 10,000
                    	- Disk size: 1787 kb
                    	- Time to discover: 34.00ms
                    	- Time to save: 0.86ms
                    	- Path: "./bk_data/"
22:48:47 [DEBUG] (1) victory_archive::plan: Batch Test_19:
                    	- Length: 10,000
                    	- Disk size: 1679 kb
                    	- Time to discover: 27.07ms
                    	- Time to save: 0.70ms
                    	- Path: "./bk_data/"
22:48:47 [DEBUG] (1) victory_archive::plan: Batch Test_20:
                    	- Length: 10,000
                    	- Disk size: 1737 kb
                    	- Time to discover: 39.12ms
                    	- Time to save: 0.74ms
                    	- Path: "./bk_data/"
22:48:47 [DEBUG] (1) victory_archive::plan: Batch Test_21:
                    	- Length: 10,000
                    	- Disk size: 1797 kb
                    	- Time to discover: 36.17ms
                    	- Time to save: 0.84ms
                    	- Path: "./bk_data/"
22:48:47 [DEBUG] (1) victory_archive::plan: Batch Test_22:
                    	- Length: 10,000
                    	- Disk size: 2065 kb
                    	- Time to discover: 29.62ms
                    	- Time to save: 1.12ms
                    	- Path: "./bk_data/"
22:48:47 [DEBUG] (1) victory_archive::plan: Batch Test_23:
                    	- Length: 10,000
                    	- Disk size: 2290 kb
                    	- Time to discover: 27.13ms
                    	- Time to save: 0.94ms
                    	- Path: "./bk_data/"
22:48:47 [DEBUG] (1) victory_archive::plan: Batch Test_24:
                    	- Length: 10,000
                    	- Disk size: 2198 kb
                    	- Time to discover: 30.11ms
                    	- Time to save: 0.90ms
                    	- Path: "./bk_data/"
22:48:47 [DEBUG] (1) victory_archive::plan: Batch Test_25:
                    	- Length: 10,000
                    	- Disk size: 2072 kb
                    	- Time to discover: 23.06ms
                    	- Time to save: 0.91ms
                    	- Path: "./bk_data/"
22:48:47 [DEBUG] (1) victory_archive::plan: Batch Test_26:
                    	- Length: 2,732
                    	- Disk size: 590 kb
                    	- Time to discover: 9.77ms
                    	- Time to save: 0.37ms
                    	- Path: "./bk_data/"
22:48:47 [INFO] Total time to discover 27 batches with 262,732 files: 779ms
